Not searching for unused variables given on the command line.
[36m--[0m Using CATKIN_DEVEL_PREFIX: /home/galliumos/kinetic_final/devel/.private/occupancy_grid_utils
[36m--[0m Using CMAKE_PREFIX_PATH: /home/galliumos/kinetic_final/devel;/opt/ros/kinetic
[36m--[0m This workspace overlays: /home/galliumos/kinetic_final/devel;/opt/ros/kinetic
[36m--[0m Using PYTHON_EXECUTABLE: /usr/bin/python
[36m--[0m Using Debian Python package layout
[36m--[0m Using empy: /usr/bin/empy
[36m--[0m Using CATKIN_ENABLE_TESTING: ON
[36m--[0m Call enable_testing()
[36m--[0m Using CATKIN_TEST_RESULTS_DIR: /home/galliumos/kinetic_final/build/occupancy_grid_utils/test_results
[36m--[0m Found gtest sources under '/usr/src/gtest': gtests will be built
[36m--[0m Using Python nosetests: /usr/bin/nosetests-2.7
[36m--[0m catkin 0.7.6
[36m--[0m Using these message generators: gencpp;geneus;genlisp;gennodejs;genpy
[36m--[0m Boost version: 1.58.0
[36m--[0m Found the following Boost libraries:
[36m--[0m   system
[36m--[0m   signals
[36m--[0m   python
[36m--[0m Found Eigen3: /usr/include/eigen3 (Required is at least version "2.91.0")
[36m--[0m Found PythonLibs: /usr/lib/x86_64-linux-gnu/libpython2.7.so (found version "2.7.12")
[36m--[0m Found Bullet: /usr/lib/x86_64-linux-gnu/libBulletDynamics.so
[36m--[0m Found OpenCV: /opt/ros/kinetic (found version "3.2.0")
[36m--[0m occupancy_grid_utils: 3 messages, 0 services
[36m--[0m Configuring done
[36m--[0m Generating done
[36m--[0m Build files have been written to: /home/galliumos/kinetic_final/build/occupancy_grid_utils
