Linked: (/home/galliumos/kinetic_final/devel/.private/occupancy_grid_utils/include/occupancy_grid_utils/OverlayClouds.h, /home/galliumos/kinetic_final/devel/include/occupancy_grid_utils/OverlayClouds.h)
Linked: (/home/galliumos/kinetic_final/devel/.private/occupancy_grid_utils/include/occupancy_grid_utils/NavigationFunction.h, /home/galliumos/kinetic_final/devel/include/occupancy_grid_utils/NavigationFunction.h)
Linked: (/home/galliumos/kinetic_final/devel/.private/occupancy_grid_utils/include/occupancy_grid_utils/LocalizedCloud.h, /home/galliumos/kinetic_final/devel/include/occupancy_grid_utils/LocalizedCloud.h)
Linked: (/home/galliumos/kinetic_final/devel/.private/occupancy_grid_utils/lib/libgrid_utils_boost_python_exports.so, /home/galliumos/kinetic_final/devel/lib/libgrid_utils_boost_python_exports.so)
Linked: (/home/galliumos/kinetic_final/devel/.private/occupancy_grid_utils/lib/libgrid_utils.so, /home/galliumos/kinetic_final/devel/lib/libgrid_utils.so)
Linked: (/home/galliumos/kinetic_final/devel/.private/occupancy_grid_utils/lib/occupancy_grid_utils/grid_construction_node, /home/galliumos/kinetic_final/devel/lib/occupancy_grid_utils/grid_construction_node)
Linked: (/home/galliumos/kinetic_final/devel/.private/occupancy_grid_utils/lib/pkgconfig/occupancy_grid_utils.pc, /home/galliumos/kinetic_final/devel/lib/pkgconfig/occupancy_grid_utils.pc)
Linked: (/home/galliumos/kinetic_final/devel/.private/occupancy_grid_utils/lib/python2.7/dist-packages/occupancy_grid_utils/__init__.py, /home/galliumos/kinetic_final/devel/lib/python2.7/dist-packages/occupancy_grid_utils/__init__.py)
Linked: (/home/galliumos/kinetic_final/devel/.private/occupancy_grid_utils/lib/python2.7/dist-packages/occupancy_grid_utils/msg/_LocalizedCloud.py, /home/galliumos/kinetic_final/devel/lib/python2.7/dist-packages/occupancy_grid_utils/msg/_LocalizedCloud.py)
Linked: (/home/galliumos/kinetic_final/devel/.private/occupancy_grid_utils/lib/python2.7/dist-packages/occupancy_grid_utils/msg/_NavigationFunction.py, /home/galliumos/kinetic_final/devel/lib/python2.7/dist-packages/occupancy_grid_utils/msg/_NavigationFunction.py)
Linked: (/home/galliumos/kinetic_final/devel/.private/occupancy_grid_utils/lib/python2.7/dist-packages/occupancy_grid_utils/msg/_OverlayClouds.py, /home/galliumos/kinetic_final/devel/lib/python2.7/dist-packages/occupancy_grid_utils/msg/_OverlayClouds.py)
Linked: (/home/galliumos/kinetic_final/devel/.private/occupancy_grid_utils/lib/python2.7/dist-packages/occupancy_grid_utils/msg/__init__.py, /home/galliumos/kinetic_final/devel/lib/python2.7/dist-packages/occupancy_grid_utils/msg/__init__.py)
Linked: (/home/galliumos/kinetic_final/devel/.private/occupancy_grid_utils/share/common-lisp/ros/occupancy_grid_utils/msg/_package.lisp, /home/galliumos/kinetic_final/devel/share/common-lisp/ros/occupancy_grid_utils/msg/_package.lisp)
Linked: (/home/galliumos/kinetic_final/devel/.private/occupancy_grid_utils/share/common-lisp/ros/occupancy_grid_utils/msg/_package_OverlayClouds.lisp, /home/galliumos/kinetic_final/devel/share/common-lisp/ros/occupancy_grid_utils/msg/_package_OverlayClouds.lisp)
Linked: (/home/galliumos/kinetic_final/devel/.private/occupancy_grid_utils/share/common-lisp/ros/occupancy_grid_utils/msg/OverlayClouds.lisp, /home/galliumos/kinetic_final/devel/share/common-lisp/ros/occupancy_grid_utils/msg/OverlayClouds.lisp)
Linked: (/home/galliumos/kinetic_final/devel/.private/occupancy_grid_utils/share/common-lisp/ros/occupancy_grid_utils/msg/occupancy_grid_utils-msg.asd, /home/galliumos/kinetic_final/devel/share/common-lisp/ros/occupancy_grid_utils/msg/occupancy_grid_utils-msg.asd)
Linked: (/home/galliumos/kinetic_final/devel/.private/occupancy_grid_utils/share/common-lisp/ros/occupancy_grid_utils/msg/LocalizedCloud.lisp, /home/galliumos/kinetic_final/devel/share/common-lisp/ros/occupancy_grid_utils/msg/LocalizedCloud.lisp)
Linked: (/home/galliumos/kinetic_final/devel/.private/occupancy_grid_utils/share/common-lisp/ros/occupancy_grid_utils/msg/NavigationFunction.lisp, /home/galliumos/kinetic_final/devel/share/common-lisp/ros/occupancy_grid_utils/msg/NavigationFunction.lisp)
Linked: (/home/galliumos/kinetic_final/devel/.private/occupancy_grid_utils/share/common-lisp/ros/occupancy_grid_utils/msg/_package_LocalizedCloud.lisp, /home/galliumos/kinetic_final/devel/share/common-lisp/ros/occupancy_grid_utils/msg/_package_LocalizedCloud.lisp)
Linked: (/home/galliumos/kinetic_final/devel/.private/occupancy_grid_utils/share/common-lisp/ros/occupancy_grid_utils/msg/_package_NavigationFunction.lisp, /home/galliumos/kinetic_final/devel/share/common-lisp/ros/occupancy_grid_utils/msg/_package_NavigationFunction.lisp)
Linked: (/home/galliumos/kinetic_final/devel/.private/occupancy_grid_utils/share/occupancy_grid_utils/cmake/occupancy_grid_utilsConfig.cmake, /home/galliumos/kinetic_final/devel/share/occupancy_grid_utils/cmake/occupancy_grid_utilsConfig.cmake)
Linked: (/home/galliumos/kinetic_final/devel/.private/occupancy_grid_utils/share/occupancy_grid_utils/cmake/occupancy_grid_utils-msg-paths.cmake, /home/galliumos/kinetic_final/devel/share/occupancy_grid_utils/cmake/occupancy_grid_utils-msg-paths.cmake)
Linked: (/home/galliumos/kinetic_final/devel/.private/occupancy_grid_utils/share/occupancy_grid_utils/cmake/occupancy_grid_utils-msg-extras.cmake, /home/galliumos/kinetic_final/devel/share/occupancy_grid_utils/cmake/occupancy_grid_utils-msg-extras.cmake)
Linked: (/home/galliumos/kinetic_final/devel/.private/occupancy_grid_utils/share/occupancy_grid_utils/cmake/occupancy_grid_utilsConfig-version.cmake, /home/galliumos/kinetic_final/devel/share/occupancy_grid_utils/cmake/occupancy_grid_utilsConfig-version.cmake)
Linked: (/home/galliumos/kinetic_final/devel/.private/occupancy_grid_utils/share/roseus/ros/occupancy_grid_utils/manifest.l, /home/galliumos/kinetic_final/devel/share/roseus/ros/occupancy_grid_utils/manifest.l)
Linked: (/home/galliumos/kinetic_final/devel/.private/occupancy_grid_utils/share/roseus/ros/occupancy_grid_utils/msg/OverlayClouds.l, /home/galliumos/kinetic_final/devel/share/roseus/ros/occupancy_grid_utils/msg/OverlayClouds.l)
Linked: (/home/galliumos/kinetic_final/devel/.private/occupancy_grid_utils/share/roseus/ros/occupancy_grid_utils/msg/NavigationFunction.l, /home/galliumos/kinetic_final/devel/share/roseus/ros/occupancy_grid_utils/msg/NavigationFunction.l)
Linked: (/home/galliumos/kinetic_final/devel/.private/occupancy_grid_utils/share/roseus/ros/occupancy_grid_utils/msg/LocalizedCloud.l, /home/galliumos/kinetic_final/devel/share/roseus/ros/occupancy_grid_utils/msg/LocalizedCloud.l)
Linked: (/home/galliumos/kinetic_final/devel/.private/occupancy_grid_utils/share/gennodejs/ros/occupancy_grid_utils/_index.js, /home/galliumos/kinetic_final/devel/share/gennodejs/ros/occupancy_grid_utils/_index.js)
Linked: (/home/galliumos/kinetic_final/devel/.private/occupancy_grid_utils/share/gennodejs/ros/occupancy_grid_utils/msg/_index.js, /home/galliumos/kinetic_final/devel/share/gennodejs/ros/occupancy_grid_utils/msg/_index.js)
Linked: (/home/galliumos/kinetic_final/devel/.private/occupancy_grid_utils/share/gennodejs/ros/occupancy_grid_utils/msg/NavigationFunction.js, /home/galliumos/kinetic_final/devel/share/gennodejs/ros/occupancy_grid_utils/msg/NavigationFunction.js)
Linked: (/home/galliumos/kinetic_final/devel/.private/occupancy_grid_utils/share/gennodejs/ros/occupancy_grid_utils/msg/LocalizedCloud.js, /home/galliumos/kinetic_final/devel/share/gennodejs/ros/occupancy_grid_utils/msg/LocalizedCloud.js)
Linked: (/home/galliumos/kinetic_final/devel/.private/occupancy_grid_utils/share/gennodejs/ros/occupancy_grid_utils/msg/OverlayClouds.js, /home/galliumos/kinetic_final/devel/share/gennodejs/ros/occupancy_grid_utils/msg/OverlayClouds.js)
