Determining if the pthread_create exist failed with the following output:
Change Dir: /home/sergio/CSE180/build/husky_description/CMakeFiles/CMakeTmp

Run Build Command:"/usr/bin/make" "cmTC_911af/fast"
/usr/bin/make -f CMakeFiles/cmTC_911af.dir/build.make CMakeFiles/cmTC_911af.dir/build
make[1]: Entering directory '/home/sergio/CSE180/build/husky_description/CMakeFiles/CMakeTmp'
Building C object CMakeFiles/cmTC_911af.dir/CheckSymbolExists.c.o
/usr/bin/cc     -o CMakeFiles/cmTC_911af.dir/CheckSymbolExists.c.o   -c /home/sergio/CSE180/build/husky_description/CMakeFiles/CMakeTmp/CheckSymbolExists.c
Linking C executable cmTC_911af
/usr/bin/cmake -E cmake_link_script CMakeFiles/cmTC_911af.dir/link.txt --verbose=1
/usr/bin/cc       CMakeFiles/cmTC_911af.dir/CheckSymbolExists.c.o  -o cmTC_911af -rdynamic 
CMakeFiles/cmTC_911af.dir/CheckSymbolExists.c.o: In function `main':
CheckSymbolExists.c:(.text+0x16): undefined reference to `pthread_create'
collect2: error: ld returned 1 exit status
CMakeFiles/cmTC_911af.dir/build.make:97: recipe for target 'cmTC_911af' failed
make[1]: *** [cmTC_911af] Error 1
make[1]: Leaving directory '/home/sergio/CSE180/build/husky_description/CMakeFiles/CMakeTmp'
Makefile:126: recipe for target 'cmTC_911af/fast' failed
make: *** [cmTC_911af/fast] Error 2

File /home/sergio/CSE180/build/husky_description/CMakeFiles/CMakeTmp/CheckSymbolExists.c:
/* */
#include <pthread.h>

int main(int argc, char** argv)
{
  (void)argv;
#ifndef pthread_create
  return ((int*)(&pthread_create))[argc];
#else
  (void)argc;
  return 0;
#endif
}

Determining if the function pthread_create exists in the pthreads failed with the following output:
Change Dir: /home/sergio/CSE180/build/husky_description/CMakeFiles/CMakeTmp

Run Build Command:"/usr/bin/make" "cmTC_b1c0f/fast"
/usr/bin/make -f CMakeFiles/cmTC_b1c0f.dir/build.make CMakeFiles/cmTC_b1c0f.dir/build
make[1]: Entering directory '/home/sergio/CSE180/build/husky_description/CMakeFiles/CMakeTmp'
Building C object CMakeFiles/cmTC_b1c0f.dir/CheckFunctionExists.c.o
/usr/bin/cc    -DCHECK_FUNCTION_EXISTS=pthread_create   -o CMakeFiles/cmTC_b1c0f.dir/CheckFunctionExists.c.o   -c /usr/share/cmake-3.5/Modules/CheckFunctionExists.c
Linking C executable cmTC_b1c0f
/usr/bin/cmake -E cmake_link_script CMakeFiles/cmTC_b1c0f.dir/link.txt --verbose=1
/usr/bin/cc   -DCHECK_FUNCTION_EXISTS=pthread_create    CMakeFiles/cmTC_b1c0f.dir/CheckFunctionExists.c.o  -o cmTC_b1c0f -rdynamic -lpthreads 
/usr/bin/ld: cannot find -lpthreads
collect2: error: ld returned 1 exit status
CMakeFiles/cmTC_b1c0f.dir/build.make:97: recipe for target 'cmTC_b1c0f' failed
make[1]: *** [cmTC_b1c0f] Error 1
make[1]: Leaving directory '/home/sergio/CSE180/build/husky_description/CMakeFiles/CMakeTmp'
Makefile:126: recipe for target 'cmTC_b1c0f/fast' failed
make: *** [cmTC_b1c0f/fast] Error 2


