Determining if the pthread_create exist failed with the following output:
Change Dir: /home/galliumos/kinetic_final/build/simple/CMakeFiles/CMakeTmp

Run Build Command:"/usr/bin/make" "cmTC_c1bfe/fast"
/usr/bin/make -f CMakeFiles/cmTC_c1bfe.dir/build.make CMakeFiles/cmTC_c1bfe.dir/build
make[1]: Entering directory '/home/galliumos/kinetic_final/build/simple/CMakeFiles/CMakeTmp'
Building C object CMakeFiles/cmTC_c1bfe.dir/CheckSymbolExists.c.o
/usr/bin/cc     -o CMakeFiles/cmTC_c1bfe.dir/CheckSymbolExists.c.o   -c /home/galliumos/kinetic_final/build/simple/CMakeFiles/CMakeTmp/CheckSymbolExists.c
Linking C executable cmTC_c1bfe
/usr/bin/cmake -E cmake_link_script CMakeFiles/cmTC_c1bfe.dir/link.txt --verbose=1
/usr/bin/cc       CMakeFiles/cmTC_c1bfe.dir/CheckSymbolExists.c.o  -o cmTC_c1bfe -rdynamic 
CMakeFiles/cmTC_c1bfe.dir/CheckSymbolExists.c.o: In function `main':
CheckSymbolExists.c:(.text+0x16): undefined reference to `pthread_create'
collect2: error: ld returned 1 exit status
CMakeFiles/cmTC_c1bfe.dir/build.make:97: recipe for target 'cmTC_c1bfe' failed
make[1]: *** [cmTC_c1bfe] Error 1
make[1]: Leaving directory '/home/galliumos/kinetic_final/build/simple/CMakeFiles/CMakeTmp'
Makefile:126: recipe for target 'cmTC_c1bfe/fast' failed
make: *** [cmTC_c1bfe/fast] Error 2

File /home/galliumos/kinetic_final/build/simple/CMakeFiles/CMakeTmp/CheckSymbolExists.c:
/* */
#include <pthread.h>

int main(int argc, char** argv)
{
  (void)argv;
#ifndef pthread_create
  return ((int*)(&pthread_create))[argc];
#else
  (void)argc;
  return 0;
#endif
}

Determining if the function pthread_create exists in the pthreads failed with the following output:
Change Dir: /home/galliumos/kinetic_final/build/simple/CMakeFiles/CMakeTmp

Run Build Command:"/usr/bin/make" "cmTC_fcf8c/fast"
/usr/bin/make -f CMakeFiles/cmTC_fcf8c.dir/build.make CMakeFiles/cmTC_fcf8c.dir/build
make[1]: Entering directory '/home/galliumos/kinetic_final/build/simple/CMakeFiles/CMakeTmp'
Building C object CMakeFiles/cmTC_fcf8c.dir/CheckFunctionExists.c.o
/usr/bin/cc    -DCHECK_FUNCTION_EXISTS=pthread_create   -o CMakeFiles/cmTC_fcf8c.dir/CheckFunctionExists.c.o   -c /usr/share/cmake-3.5/Modules/CheckFunctionExists.c
Linking C executable cmTC_fcf8c
/usr/bin/cmake -E cmake_link_script CMakeFiles/cmTC_fcf8c.dir/link.txt --verbose=1
/usr/bin/cc   -DCHECK_FUNCTION_EXISTS=pthread_create    CMakeFiles/cmTC_fcf8c.dir/CheckFunctionExists.c.o  -o cmTC_fcf8c -rdynamic -lpthreads 
/usr/bin/ld: cannot find -lpthreads
collect2: error: ld returned 1 exit status
CMakeFiles/cmTC_fcf8c.dir/build.make:97: recipe for target 'cmTC_fcf8c' failed
make[1]: *** [cmTC_fcf8c] Error 1
make[1]: Leaving directory '/home/galliumos/kinetic_final/build/simple/CMakeFiles/CMakeTmp'
Makefile:126: recipe for target 'cmTC_fcf8c/fast' failed
make: *** [cmTC_fcf8c/fast] Error 2


