[01m[K/home/galliumos/kinetic_final/src/simple/src/averagefilter.cpp:24:5:[m[K [01;31m[Kerror: [m[K‘[01m[Kint index[m[K’ redeclared as different kind of symbol
 int index = 0;
[01;32m[K     ^[m[K
In file included from [01m[K/usr/include/c++/5/cstring:42:0[m[K,
                 from [01m[K/usr/include/boost/math/special_functions/detail/fp_traits.hpp:23[m[K,
                 from [01m[K/usr/include/boost/math/special_functions/fpclassify.hpp:20[m[K,
                 from [01m[K/usr/include/boost/math/special_functions/round.hpp:16[m[K,
                 from [01m[K/opt/ros/kinetic/include/ros/time.h:58[m[K,
                 from [01m[K/opt/ros/kinetic/include/ros/ros.h:38[m[K,
                 from [01m[K/home/galliumos/kinetic_final/src/simple/src/averagefilter.cpp:1[m[K:
[01m[K/usr/include/string.h:466:20:[m[K [01;36m[Knote: [m[Kprevious declaration ‘[01m[Kconst char* index(const char*, int)[m[K’
 extern const char *index (const char *__s, int __c)
[01;32m[K                    ^[m[K
[01m[K/home/galliumos/kinetic_final/src/simple/src/averagefilter.cpp:[m[K In function ‘[01m[Kint main(int, char**)[m[K’:
[01m[K/home/galliumos/kinetic_final/src/simple/src/averagefilter.cpp:69:31:[m[K [01;31m[Kerror: [m[Kinvalid operands of types ‘[01m[K<unresolved overloaded function type>[m[K’ and ‘[01m[Kint[m[K’ to binary ‘[01m[Koperator<[m[K’
                 for(; index < size; index++) {
[01;32m[K                               ^[m[K
[01m[K/home/galliumos/kinetic_final/src/simple/src/averagefilter.cpp:69:42:[m[K [01;31m[Kerror: [m[Kno post-increment operator for type
                 for(; index < size; index++) {
[01;32m[K                                          ^[m[K
[01m[K/home/galliumos/kinetic_final/src/simple/src/averagefilter.cpp:70:89:[m[K [01;31m[Kerror: [m[Kno match for ‘[01m[Koperator[][m[K’ (operand types are ‘[01m[Kstd::vector<occupancy_grid_utils::Cell>[m[K’ and ‘[01m[K<unresolved overloaded function type>[m[K’)
                     geometry_msgs::Point vertix = utils::cellCenter(map.info, path.first[index]);
[01;32m[K                                                                                         ^[m[K
In file included from [01m[K/usr/include/c++/5/vector:64:0[m[K,
                 from [01m[K/usr/include/boost/format.hpp:17[m[K,
                 from [01m[K/usr/include/boost/math/policies/error_handling.hpp:31[m[K,
                 from [01m[K/usr/include/boost/math/special_functions/round.hpp:14[m[K,
                 from [01m[K/opt/ros/kinetic/include/ros/time.h:58[m[K,
                 from [01m[K/opt/ros/kinetic/include/ros/ros.h:38[m[K,
                 from [01m[K/home/galliumos/kinetic_final/src/simple/src/averagefilter.cpp:1[m[K:
[01m[K/usr/include/c++/5/bits/stl_vector.h:779:7:[m[K [01;36m[Knote: [m[Kcandidate: std::vector<_Tp, _Alloc>::reference std::vector<_Tp, _Alloc>::operator[](std::vector<_Tp, _Alloc>::size_type) [with _Tp = occupancy_grid_utils::Cell; _Alloc = std::allocator<occupancy_grid_utils::Cell>; std::vector<_Tp, _Alloc>::reference = occupancy_grid_utils::Cell&; std::vector<_Tp, _Alloc>::size_type = long unsigned int]
       operator[](size_type __n) _GLIBCXX_NOEXCEPT
[01;32m[K       ^[m[K
[01m[K/usr/include/c++/5/bits/stl_vector.h:779:7:[m[K [01;36m[Knote: [m[K  no known conversion for argument 1 from ‘[01m[K<unresolved overloaded function type>[m[K’ to ‘[01m[Kstd::vector<occupancy_grid_utils::Cell>::size_type {aka long unsigned int}[m[K’
[01m[K/usr/include/c++/5/bits/stl_vector.h:794:7:[m[K [01;36m[Knote: [m[Kcandidate: std::vector<_Tp, _Alloc>::const_reference std::vector<_Tp, _Alloc>::operator[](std::vector<_Tp, _Alloc>::size_type) const [with _Tp = occupancy_grid_utils::Cell; _Alloc = std::allocator<occupancy_grid_utils::Cell>; std::vector<_Tp, _Alloc>::const_reference = const occupancy_grid_utils::Cell&; std::vector<_Tp, _Alloc>::size_type = long unsigned int]
       operator[](size_type __n) const _GLIBCXX_NOEXCEPT
[01;32m[K       ^[m[K
[01m[K/usr/include/c++/5/bits/stl_vector.h:794:7:[m[K [01;36m[Knote: [m[K  no known conversion for argument 1 from ‘[01m[K<unresolved overloaded function type>[m[K’ to ‘[01m[Kstd::vector<occupancy_grid_utils::Cell>::size_type {aka long unsigned int}[m[K’
[01m[K/home/galliumos/kinetic_final/src/simple/src/averagefilter.cpp:78:64:[m[K [01;31m[Kerror: [m[K‘[01m[Kgoal[m[K’ was not declared in this scope
                         double goal_heading = atan2(vertix.y - goal.target_pose.pose.position.y, 
[01;32m[K                                                                ^[m[K
[01m[K/home/galliumos/kinetic_final/src/simple/src/averagefilter.cpp:109:44:[m[K [01;31m[Kerror: [m[Kinvalid operands of types ‘[01m[K<unresolved overloaded function type>[m[K’ and ‘[01m[Kint[m[K’ to binary ‘[01m[Koperator==[m[K’
                         if(index == size - 1) {
[01;32m[K                                            ^[m[K
[01m[K/home/galliumos/kinetic_final/src/simple/src/averagefilter.cpp:111:29:[m[K [01;31m[Kerror: [m[K‘[01m[Kpath_completed[m[K’ was not declared in this scope
                             path_completed = true;
[01;32m[K                             ^[m[K
[01m[K/home/galliumos/kinetic_final/src/simple/src/averagefilter.cpp:112:35:[m[K [01;31m[Kerror: [m[Koverloaded function with no contextual type information
                             index = 0;
[01;32m[K                                   ^[m[K
[01m[K/home/galliumos/kinetic_final/src/simple/src/averagefilter.cpp:116:30:[m[K [01;31m[Kerror: [m[Kno post-increment operator for type
                         index++;
[01;32m[K                              ^[m[K
make[2]: *** [CMakeFiles/averagefilter.dir/src/averagefilter.cpp.o] Error 1
make[1]: *** [CMakeFiles/averagefilter.dir/all] Error 2
make: *** [all] Error 2
