In file included from [01m[K/opt/ros/kinetic/include/ros/ros.h:40:0[m[K,
                 from [01m[K/home/galliumos/kinetic_final/src/simple/src/averagefilter.cpp:1[m[K:
[01m[K/home/galliumos/kinetic_final/src/simple/src/averagefilter.cpp:[m[K In function ‘[01m[Kint main(int, char**)[m[K’:
[01m[K/home/galliumos/kinetic_final/src/simple/src/averagefilter.cpp:98:64:[m[K [01;31m[Kerror: [m[Kinvalid initialization of reference of type ‘[01m[Kconst MapMetaData& {aka const nav_msgs::MapMetaData_<std::allocator<void> >&}[m[K’ from expression of type ‘[01m[Koccupancy_grid_utils::Cell[m[K’
                 ROS_INFO_STREAM(utils::cellCenter(path.first[i]));
[01;32m[K                                                                ^[m[K
[01m[K/opt/ros/kinetic/include/ros/console.h:356:64:[m[K [01;36m[Knote: [m[Kin definition of macro ‘[01m[KROSCONSOLE_PRINT_STREAM_AT_LOCATION_WITH_FILTER[m[K’
     __rosconsole_print_stream_at_location_with_filter__ss__ << args; \
[01;32m[K                                                                ^[m[K
[01m[K/opt/ros/kinetic/include/ros/console.h:398:7:[m[K [01;36m[Knote: [m[Kin expansion of macro ‘[01m[KROSCONSOLE_PRINT_STREAM_AT_LOCATION[m[K’
       ROSCONSOLE_PRINT_STREAM_AT_LOCATION(args); \
[01;32m[K       ^[m[K
[01m[K/opt/ros/kinetic/include/ros/console.h:568:43:[m[K [01;36m[Knote: [m[Kin expansion of macro ‘[01m[KROS_LOG_STREAM_COND[m[K’
 #define ROS_LOG_STREAM(level, name, args) ROS_LOG_STREAM_COND(true, level, name, args)
[01;32m[K                                           ^[m[K
[01m[K/opt/ros/kinetic/include/rosconsole/macros_generated.h:111:31:[m[K [01;36m[Knote: [m[Kin expansion of macro ‘[01m[KROS_LOG_STREAM[m[K’
 #define ROS_INFO_STREAM(args) ROS_LOG_STREAM(::ros::console::levels::Info, ROSCONSOLE_DEFAULT_NAME, args)
[01;32m[K                               ^[m[K
[01m[K/home/galliumos/kinetic_final/src/simple/src/averagefilter.cpp:98:17:[m[K [01;36m[Knote: [m[Kin expansion of macro ‘[01m[KROS_INFO_STREAM[m[K’
                 ROS_INFO_STREAM(utils::cellCenter(path.first[i]));
[01;32m[K                 ^[m[K
In file included from [01m[K/home/galliumos/kinetic_final/src/occupancy_grid_utils/include/occupancy_grid_utils/shortest_path.h:43:0[m[K,
                 from [01m[K/home/galliumos/kinetic_final/src/simple/src/averagefilter.cpp:8[m[K:
[01m[K/home/galliumos/kinetic_final/src/occupancy_grid_utils/include/occupancy_grid_utils/coordinate_conversions.h:167:22:[m[K [01;36m[Knote: [m[Kin passing argument 1 of ‘[01m[Kgeometry_msgs::Point occupancy_grid_utils::cellCenter(const MapMetaData&, const occupancy_grid_utils::Cell&)[m[K’
 geometry_msgs::Point cellCenter (const nav_msgs::MapMetaData& info, const Cell& c)
[01;32m[K                      ^[m[K
make[2]: *** [CMakeFiles/averagefilter.dir/src/averagefilter.cpp.o] Error 1
make[1]: *** [CMakeFiles/averagefilter.dir/all] Error 2
make: *** [all] Error 2
