[01m[K/home/galliumos/kinetic_final/src/simple/src/averagefilter.cpp:[m[K In function ‘[01m[Kint main(int, char**)[m[K’:
[01m[K/home/galliumos/kinetic_final/src/simple/src/averagefilter.cpp:44:46:[m[K [01;31m[Kerror: [m[Kno matching function for call to ‘[01m[KMapExplorer::poseToMap(geometry_msgs::PoseStamped&, nav_msgs::OccupancyGrid&)[m[K’
         MapExplorer::poseToMap(test_pose, map);
[01;32m[K                                              ^[m[K
In file included from [01m[K/home/galliumos/kinetic_final/src/simple/src/averagefilter.cpp:7:0[m[K:
[01m[K/home/galliumos/kinetic_final/src/simple/src/MapExplorer.h:19:42:[m[K [01;36m[Knote: [m[Kcandidate: static std::pair<double, double> MapExplorer::poseToMap(geometry_msgs::PoseStamped&)
         static std::pair<double, double> poseToMap(geometry_msgs::PoseStamped &pt);
[01;32m[K                                          ^[m[K
[01m[K/home/galliumos/kinetic_final/src/simple/src/MapExplorer.h:19:42:[m[K [01;36m[Knote: [m[K  candidate expects 1 argument, 2 provided
[01m[K/home/galliumos/kinetic_final/src/simple/src/MapExplorer.cpp:[m[K In static member function ‘[01m[Kstatic std::pair<double, double> MapExplorer::poseToMap(geometry_msgs::PoseStamped&)[m[K’:
[01m[K/home/galliumos/kinetic_final/src/simple/src/MapExplorer.cpp:39:5:[m[K [01;31m[Kerror: [m[Kinvalid use of member ‘[01m[KMapExplorer::map_data[m[K’ in static member function
     map_data.header.stamp = pt.header.stamp = ros::Time(0);
[01;32m[K     ^[m[K
In file included from [01m[K/home/galliumos/kinetic_final/src/simple/src/MapExplorer.cpp:1:0[m[K:
[01m[K/home/galliumos/kinetic_final/src/simple/src/MapExplorer.h:33:11:[m[K [01;36m[Knote: [m[Kdeclared here
         } map_data;
[01;32m[K           ^[m[K
[01m[K/home/galliumos/kinetic_final/src/simple/src/MapExplorer.cpp:44:38:[m[K [01;31m[Kerror: [m[Kinvalid use of member ‘[01m[KMapExplorer::map_data[m[K’ in static member function
         tf_listener.waitForTransform(map_data.header.frame_id,
[01;32m[K                                      ^[m[K
In file included from [01m[K/home/galliumos/kinetic_final/src/simple/src/MapExplorer.cpp:1:0[m[K:
[01m[K/home/galliumos/kinetic_final/src/simple/src/MapExplorer.h:33:11:[m[K [01;36m[Knote: [m[Kdeclared here
         } map_data;
[01;32m[K           ^[m[K
[01m[K/home/galliumos/kinetic_final/src/simple/src/MapExplorer.cpp:46:35:[m[K [01;31m[Kerror: [m[Kinvalid use of member ‘[01m[KMapExplorer::map_data[m[K’ in static member function
         tf_listener.transformPose(map_data.header.frame_id, pt, new_pt);
[01;32m[K                                   ^[m[K
In file included from [01m[K/home/galliumos/kinetic_final/src/simple/src/MapExplorer.cpp:1:0[m[K:
[01m[K/home/galliumos/kinetic_final/src/simple/src/MapExplorer.h:33:11:[m[K [01;36m[Knote: [m[Kdeclared here
         } map_data;
[01;32m[K           ^[m[K
[01m[K/home/galliumos/kinetic_final/src/simple/src/MapExplorer.cpp:65:31:[m[K [01;31m[Kerror: [m[Kinvalid use of member ‘[01m[KMapExplorer::map_data[m[K’ in static member function
     for (std::size_t j=0; j < map_data.size_y; j++) {
[01;32m[K                               ^[m[K
In file included from [01m[K/home/galliumos/kinetic_final/src/simple/src/MapExplorer.cpp:1:0[m[K:
[01m[K/home/galliumos/kinetic_final/src/simple/src/MapExplorer.h:33:11:[m[K [01;36m[Knote: [m[Kdeclared here
         } map_data;
[01;32m[K           ^[m[K
[01m[K/home/galliumos/kinetic_final/src/simple/src/MapExplorer.cpp:66:35:[m[K [01;31m[Kerror: [m[Kinvalid use of member ‘[01m[KMapExplorer::map_data[m[K’ in static member function
         for (std::size_t i=0; i < map_data.size_x; i++) {
[01;32m[K                                   ^[m[K
In file included from [01m[K/home/galliumos/kinetic_final/src/simple/src/MapExplorer.cpp:1:0[m[K:
[01m[K/home/galliumos/kinetic_final/src/simple/src/MapExplorer.h:33:11:[m[K [01;36m[Knote: [m[Kdeclared here
         } map_data;
[01;32m[K           ^[m[K
[01m[K/home/galliumos/kinetic_final/src/simple/src/MapExplorer.cpp:67:16:[m[K [01;31m[Kerror: [m[Kinvalid use of member ‘[01m[KMapExplorer::map_data[m[K’ in static member function
             if(map_data.data[map_index(map_data, i, j)]==100){
[01;32m[K                ^[m[K
In file included from [01m[K/home/galliumos/kinetic_final/src/simple/src/MapExplorer.cpp:1:0[m[K:
[01m[K/home/galliumos/kinetic_final/src/simple/src/MapExplorer.h:33:11:[m[K [01;36m[Knote: [m[Kdeclared here
         } map_data;
[01;32m[K           ^[m[K
[01m[K/home/galliumos/kinetic_final/src/simple/src/MapExplorer.cpp:67:40:[m[K [01;31m[Kerror: [m[Kinvalid use of member ‘[01m[KMapExplorer::map_data[m[K’ in static member function
             if(map_data.data[map_index(map_data, i, j)]==100){
[01;32m[K                                        ^[m[K
In file included from [01m[K/home/galliumos/kinetic_final/src/simple/src/MapExplorer.cpp:1:0[m[K:
[01m[K/home/galliumos/kinetic_final/src/simple/src/MapExplorer.h:33:11:[m[K [01;36m[Knote: [m[Kdeclared here
         } map_data;
[01;32m[K           ^[m[K
[01m[K/home/galliumos/kinetic_final/src/simple/src/MapExplorer.cpp:69:38:[m[K [01;31m[Kerror: [m[Kinvalid use of member ‘[01m[KMapExplorer::map_data[m[K’ in static member function
                 w_x = grid_to_pose_x(map_data, i);
[01;32m[K                                      ^[m[K
In file included from [01m[K/home/galliumos/kinetic_final/src/simple/src/MapExplorer.cpp:1:0[m[K:
[01m[K/home/galliumos/kinetic_final/src/simple/src/MapExplorer.h:33:11:[m[K [01;36m[Knote: [m[Kdeclared here
         } map_data;
[01;32m[K           ^[m[K
[01m[K/home/galliumos/kinetic_final/src/simple/src/MapExplorer.cpp:70:38:[m[K [01;31m[Kerror: [m[Kinvalid use of member ‘[01m[KMapExplorer::map_data[m[K’ in static member function
                 w_y = grid_to_pose_y(map_data, j);
[01;32m[K                                      ^[m[K
In file included from [01m[K/home/galliumos/kinetic_final/src/simple/src/MapExplorer.cpp:1:0[m[K:
[01m[K/home/galliumos/kinetic_final/src/simple/src/MapExplorer.h:33:11:[m[K [01;36m[Knote: [m[Kdeclared here
         } map_data;
[01;32m[K           ^[m[K
make[2]: *** [CMakeFiles/averagefilter.dir/src/averagefilter.cpp.o] Error 1
make[2]: *** Waiting for unfinished jobs....
make[2]: *** [CMakeFiles/averagefilter.dir/src/MapExplorer.cpp.o] Error 1
make[1]: *** [CMakeFiles/averagefilter.dir/all] Error 2
make: *** [all] Error 2
