[01m[K/home/galliumos/kinetic_final/src/simple/src/averagefilter.cpp:78:41:[m[K [01;35m[Kwarning: [m[Kmissing terminating " character
                         ROS_INFO_STREAM("Current Pose: \n
[01;32m[K                                         ^[m[K
[01m[K/home/galliumos/kinetic_final/src/simple/src/averagefilter.cpp:80:36:[m[K [01;35m[Kwarning: [m[Kmissing terminating " character
                                 Y: " << ekf_pose.pose.pose.position.y);
[01;32m[K                                    ^[m[K
[01m[K/home/galliumos/kinetic_final/src/simple/src/averagefilter.cpp:82:41:[m[K [01;35m[Kwarning: [m[Kmissing terminating " character
                         ROS_INFO_STREAM("Goal Pose: \n
[01;32m[K                                         ^[m[K
[01m[K/home/galliumos/kinetic_final/src/simple/src/averagefilter.cpp:84:36:[m[K [01;35m[Kwarning: [m[Kmissing terminating " character
                                 Y: " << vertix.y);
[01;32m[K                                    ^[m[K
[01m[K/home/galliumos/kinetic_final/src/simple/src/averagefilter.cpp:145:0:[m[K [01;31m[Kerror: [m[Kunterminated argument list invoking macro "ROS_INFO_STREAM"
 }
[01;32m[K ^[m[K
[01m[K/home/galliumos/kinetic_final/src/simple/src/averagefilter.cpp:[m[K In function ‘[01m[Kint main(int, char**)[m[K’:
[01m[K/home/galliumos/kinetic_final/src/simple/src/averagefilter.cpp:78:25:[m[K [01;31m[Kerror: [m[K‘[01m[KROS_INFO_STREAM[m[K’ was not declared in this scope
                         ROS_INFO_STREAM("Current Pose: \n
[01;32m[K                         ^[m[K
[01m[K/home/galliumos/kinetic_final/src/simple/src/averagefilter.cpp:78:25:[m[K [01;31m[Kerror: [m[Kexpected ‘[01m[K}[m[K’ at end of input
[01m[K/home/galliumos/kinetic_final/src/simple/src/averagefilter.cpp:78:25:[m[K [01;31m[Kerror: [m[Kexpected ‘[01m[K}[m[K’ at end of input
[01m[K/home/galliumos/kinetic_final/src/simple/src/averagefilter.cpp:78:25:[m[K [01;31m[Kerror: [m[Kexpected ‘[01m[K}[m[K’ at end of input
[01m[K/home/galliumos/kinetic_final/src/simple/src/averagefilter.cpp:78:25:[m[K [01;31m[Kerror: [m[Kexpected ‘[01m[K}[m[K’ at end of input
[01m[K/home/galliumos/kinetic_final/src/simple/src/averagefilter.cpp:78:25:[m[K [01;31m[Kerror: [m[Kexpected ‘[01m[K}[m[K’ at end of input
[01m[K/home/galliumos/kinetic_final/src/simple/src/averagefilter.cpp:78:25:[m[K [01;31m[Kerror: [m[Kexpected ‘[01m[K}[m[K’ at end of input
make[2]: *** [CMakeFiles/averagefilter.dir/src/averagefilter.cpp.o] Error 1
make[1]: *** [CMakeFiles/averagefilter.dir/all] Error 2
make: *** [all] Error 2
