In file included from [01m[K/home/galliumos/kinetic_final/src/simple/src/MapExplorer.cpp:1:0[m[K:
[01m[K/home/galliumos/kinetic_final/src/simple/src/MapExplorer.h:[m[K In constructor ‘[01m[KMapExplorer::MapExplorer(const OccupancyGrid&)[m[K’:
[01m[K/home/galliumos/kinetic_final/src/simple/src/MapExplorer.h:17:19:[m[K [01;31m[Kerror: [m[K‘[01m[Kclass MapExplorer[m[K’ has no member named ‘[01m[Kheader[m[K’
             this->header.frame_id = map.header.frame_id;
[01;32m[K                   ^[m[K
[01m[K/home/galliumos/kinetic_final/src/simple/src/MapExplorer.h:18:19:[m[K [01;31m[Kerror: [m[K‘[01m[Kclass MapExplorer[m[K’ has no member named ‘[01m[Kdata[m[K’
             this->data = map.data;
[01;32m[K                   ^[m[K
[01m[K/home/galliumos/kinetic_final/src/simple/src/MapExplorer.cpp:[m[K At global scope:
[01m[K/home/galliumos/kinetic_final/src/simple/src/MapExplorer.cpp:3:1:[m[K [01;31m[Kerror: [m[Kredefinition of ‘[01m[KMapExplorer::MapExplorer(const OccupancyGrid&)[m[K’
 MapExplorer::MapExplorer(const nav_msgs::OccupancyGrid &map) {
[01;32m[K ^[m[K
In file included from [01m[K/home/galliumos/kinetic_final/src/simple/src/MapExplorer.cpp:1:0[m[K:
[01m[K/home/galliumos/kinetic_final/src/simple/src/MapExplorer.h:16:9:[m[K [01;36m[Knote: [m[K‘[01m[KMapExplorer::MapExplorer(const OccupancyGrid&)[m[K’ previously defined here
         MapExplorer(const nav_msgs::OccupancyGrid &map) {
[01;32m[K         ^[m[K
[01m[K/home/galliumos/kinetic_final/src/simple/src/MapExplorer.cpp:27:27:[m[K [01;31m[Kerror: [m[Kprototype for ‘[01m[Kstd::pair<double, double> MapExplorer::poseToMap(geometry_msgs::PoseStamped&)[m[K’ does not match any in class ‘[01m[KMapExplorer[m[K’
 std::pair<double, double> MapExplorer::poseToMap(geometry_msgs::PoseStamped &pt) {
[01;32m[K                           ^[m[K
In file included from [01m[K/home/galliumos/kinetic_final/src/simple/src/MapExplorer.cpp:1:0[m[K:
[01m[K/home/galliumos/kinetic_final/src/simple/src/MapExplorer.h:29:42:[m[K [01;31m[Kerror: [m[Kcandidate is: static std::pair<double, double> MapExplorer::poseToMap(geometry_msgs::PoseStamped&, nav_msgs::OccupancyGrid&)
         static std::pair<double, double> poseToMap(geometry_msgs::PoseStamped &pt,
[01;32m[K                                          ^[m[K
In file included from [01m[K/home/galliumos/kinetic_final/src/simple/src/averagefilter.cpp:7:0[m[K:
[01m[K/home/galliumos/kinetic_final/src/simple/src/MapExplorer.h:[m[K In constructor ‘[01m[KMapExplorer::MapExplorer(const OccupancyGrid&)[m[K’:
[01m[K/home/galliumos/kinetic_final/src/simple/src/MapExplorer.h:17:19:[m[K [01;31m[Kerror: [m[K‘[01m[Kclass MapExplorer[m[K’ has no member named ‘[01m[Kheader[m[K’
             this->header.frame_id = map.header.frame_id;
[01;32m[K                   ^[m[K
[01m[K/home/galliumos/kinetic_final/src/simple/src/MapExplorer.h:18:19:[m[K [01;31m[Kerror: [m[K‘[01m[Kclass MapExplorer[m[K’ has no member named ‘[01m[Kdata[m[K’
             this->data = map.data;
[01;32m[K                   ^[m[K
make[2]: *** [CMakeFiles/averagefilter.dir/src/MapExplorer.cpp.o] Error 1
make[2]: *** Waiting for unfinished jobs....
make[2]: *** [CMakeFiles/averagefilter.dir/src/averagefilter.cpp.o] Error 1
make[1]: *** [CMakeFiles/averagefilter.dir/all] Error 2
make: *** [all] Error 2
