[01m[K/home/galliumos/kinetic_final/src/simple/src/map_explorer.cpp:[m[K In function ‘[01m[Kvoid map_update_callback(const OccupancyGridUpdate&)[m[K’:
[01m[K/home/galliumos/kinetic_final/src/simple/src/map_explorer.cpp:172:21:[m[K [01;31m[Kerror: [m[K‘[01m[KCellOutOfBoundsException[m[K’ does not name a type
             }catch (CellOutOfBoundsException ex){
[01;32m[K                     ^[m[K
In file included from [01m[K/opt/ros/kinetic/include/ros/ros.h:40:0[m[K,
                 from [01m[K/home/galliumos/kinetic_final/src/simple/src/map_explorer.cpp:1[m[K:
[01m[K/home/galliumos/kinetic_final/src/simple/src/map_explorer.cpp:173:32:[m[K [01;31m[Kerror: [m[K‘[01m[Kex[m[K’ was not declared in this scope
                 ROS_ERROR("%s",ex.what());
[01;32m[K                                ^[m[K
[01m[K/opt/ros/kinetic/include/ros/console.h:346:165:[m[K [01;36m[Knote: [m[Kin definition of macro ‘[01m[KROSCONSOLE_PRINT_AT_LOCATION_WITH_FILTER[m[K’
     ::ros::console::print(filter, __rosconsole_define_location__loc.logger_, __rosconsole_define_location__loc.level_, __FILE__, __LINE__, __ROSCONSOLE_FUNCTION__, __VA_ARGS__)
[01;32m[K                                                                                                                                                                     ^[m[K
[01m[K/opt/ros/kinetic/include/ros/console.h:379:7:[m[K [01;36m[Knote: [m[Kin expansion of macro ‘[01m[KROSCONSOLE_PRINT_AT_LOCATION[m[K’
       ROSCONSOLE_PRINT_AT_LOCATION(__VA_ARGS__); \
[01;32m[K       ^[m[K
[01m[K/opt/ros/kinetic/include/ros/console.h:561:35:[m[K [01;36m[Knote: [m[Kin expansion of macro ‘[01m[KROS_LOG_COND[m[K’
 #define ROS_LOG(level, name, ...) ROS_LOG_COND(true, level, name, __VA_ARGS__)
[01;32m[K                                   ^[m[K
[01m[K/opt/ros/kinetic/include/rosconsole/macros_generated.h:214:24:[m[K [01;36m[Knote: [m[Kin expansion of macro ‘[01m[KROS_LOG[m[K’
 #define ROS_ERROR(...) ROS_LOG(::ros::console::levels::Error, ROSCONSOLE_DEFAULT_NAME, __VA_ARGS__)
[01;32m[K                        ^[m[K
[01m[K/home/galliumos/kinetic_final/src/simple/src/map_explorer.cpp:173:17:[m[K [01;36m[Knote: [m[Kin expansion of macro ‘[01m[KROS_ERROR[m[K’
                 ROS_ERROR("%s",ex.what());
[01;32m[K                 ^[m[K
make[2]: *** [CMakeFiles/map_explorer.dir/src/map_explorer.cpp.o] Error 1
make[1]: *** [CMakeFiles/map_explorer.dir/all] Error 2
make: *** [all] Error 2
