[01m[K/home/galliumos/kinetic_final/src/simple/src/move.cpp:[m[K In function ‘[01m[Kint main(int, char**)[m[K’:
[01m[K/home/galliumos/kinetic_final/src/simple/src/move.cpp:13:29:[m[K [01;31m[Kerror: [m[K‘[01m[Kduration[m[K’ is not a member of ‘[01m[Kros[m[K’
     while(!ac.waitForServer(ros::duration(5.0))) {
[01;32m[K                             ^[m[K
[01m[K/home/galliumos/kinetic_final/src/simple/src/move.cpp:13:29:[m[K [01;36m[Knote: [m[Ksuggested alternative:
In file included from [01m[K/usr/include/boost/thread/pthread/timespec.hpp:20:0[m[K,
                 from [01m[K/usr/include/boost/thread/pthread/condition_variable.hpp:9[m[K,
                 from [01m[K/usr/include/boost/thread/condition_variable.hpp:16[m[K,
                 from [01m[K/usr/include/boost/thread/condition.hpp:13[m[K,
                 from [01m[K/opt/ros/kinetic/include/actionlib/client/simple_action_client.h:38[m[K,
                 from [01m[K/home/galliumos/kinetic_final/src/simple/src/move.cpp:3[m[K:
[01m[K/usr/include/boost/chrono/duration.hpp:77:11:[m[K [01;36m[Knote: [m[K  ‘[01m[Kboost::chrono::duration[m[K’
     class duration;
[01;32m[K           ^[m[K
[01m[K/home/galliumos/kinetic_final/src/simple/src/move.cpp:26:35:[m[K [01;31m[Kerror: [m[K‘[01m[KROS_iNFO_STREAM[m[K’ was not declared in this scope
     ROS_iNFO_STREAM("Sending Goal");
[01;32m[K                                   ^[m[K
[01m[K/home/galliumos/kinetic_final/src/simple/src/move.cpp:27:8:[m[K [01;31m[Kerror: [m[K‘[01m[KMoveBaseClient {aka class actionlib::SimpleActionClient<move_base_msgs::MoveBaseAction_<std::allocator<void> > >}[m[K’ has no member named ‘[01m[KsendingGoal[m[K’
     ac.sendingGoal(goal);
[01;32m[K        ^[m[K
[01m[K/home/galliumos/kinetic_final/src/simple/src/move.cpp:32:39:[m[K [01;31m[Kerror: [m[K‘[01m[KROS_INFO_STREM[m[K’ was not declared in this scope
         ROS_INFO_STREM("Reached Goal!");
[01;32m[K                                       ^[m[K
make[2]: *** [CMakeFiles/move.dir/src/move.cpp.o] Error 1
make[1]: *** [CMakeFiles/move.dir/all] Error 2
make: *** [all] Error 2
