In file included from [01m[K/opt/ros/kinetic/include/ros/ros.h:40:0[m[K,
                 from [01m[K/home/galliumos/kinetic_final/src/simple/src/averagefilter.cpp:1[m[K:
[01m[K/home/galliumos/kinetic_final/src/simple/src/averagefilter.cpp:[m[K In function ‘[01m[Kint main(int, char**)[m[K’:
[01m[K/home/galliumos/kinetic_final/src/simple/src/averagefilter.cpp:96:55:[m[K [01;31m[Kerror: [m[K‘[01m[Kmap[m[K’ was not declared in this scope
                     ROS_INFO_STREAM(utils::cellCenter(map.info, path.first[i]));
[01;32m[K                                                       ^[m[K
[01m[K/opt/ros/kinetic/include/ros/console.h:356:64:[m[K [01;36m[Knote: [m[Kin definition of macro ‘[01m[KROSCONSOLE_PRINT_STREAM_AT_LOCATION_WITH_FILTER[m[K’
     __rosconsole_print_stream_at_location_with_filter__ss__ << args; \
[01;32m[K                                                                ^[m[K
[01m[K/opt/ros/kinetic/include/ros/console.h:398:7:[m[K [01;36m[Knote: [m[Kin expansion of macro ‘[01m[KROSCONSOLE_PRINT_STREAM_AT_LOCATION[m[K’
       ROSCONSOLE_PRINT_STREAM_AT_LOCATION(args); \
[01;32m[K       ^[m[K
[01m[K/opt/ros/kinetic/include/ros/console.h:568:43:[m[K [01;36m[Knote: [m[Kin expansion of macro ‘[01m[KROS_LOG_STREAM_COND[m[K’
 #define ROS_LOG_STREAM(level, name, args) ROS_LOG_STREAM_COND(true, level, name, args)
[01;32m[K                                           ^[m[K
[01m[K/opt/ros/kinetic/include/rosconsole/macros_generated.h:111:31:[m[K [01;36m[Knote: [m[Kin expansion of macro ‘[01m[KROS_LOG_STREAM[m[K’
 #define ROS_INFO_STREAM(args) ROS_LOG_STREAM(::ros::console::levels::Info, ROSCONSOLE_DEFAULT_NAME, args)
[01;32m[K                               ^[m[K
[01m[K/home/galliumos/kinetic_final/src/simple/src/averagefilter.cpp:96:21:[m[K [01;36m[Knote: [m[Kin expansion of macro ‘[01m[KROS_INFO_STREAM[m[K’
                     ROS_INFO_STREAM(utils::cellCenter(map.info, path.first[i]));
[01;32m[K                     ^[m[K
[01m[K/home/galliumos/kinetic_final/src/simple/src/averagefilter.cpp:96:55:[m[K [01;36m[Knote: [m[Ksuggested alternatives:
                     ROS_INFO_STREAM(utils::cellCenter(map.info, path.first[i]));
[01;32m[K                                                       ^[m[K
[01m[K/opt/ros/kinetic/include/ros/console.h:356:64:[m[K [01;36m[Knote: [m[Kin definition of macro ‘[01m[KROSCONSOLE_PRINT_STREAM_AT_LOCATION_WITH_FILTER[m[K’
     __rosconsole_print_stream_at_location_with_filter__ss__ << args; \
[01;32m[K                                                                ^[m[K
[01m[K/opt/ros/kinetic/include/ros/console.h:398:7:[m[K [01;36m[Knote: [m[Kin expansion of macro ‘[01m[KROSCONSOLE_PRINT_STREAM_AT_LOCATION[m[K’
       ROSCONSOLE_PRINT_STREAM_AT_LOCATION(args); \
[01;32m[K       ^[m[K
[01m[K/opt/ros/kinetic/include/ros/console.h:568:43:[m[K [01;36m[Knote: [m[Kin expansion of macro ‘[01m[KROS_LOG_STREAM_COND[m[K’
 #define ROS_LOG_STREAM(level, name, args) ROS_LOG_STREAM_COND(true, level, name, args)
[01;32m[K                                           ^[m[K
[01m[K/opt/ros/kinetic/include/rosconsole/macros_generated.h:111:31:[m[K [01;36m[Knote: [m[Kin expansion of macro ‘[01m[KROS_LOG_STREAM[m[K’
 #define ROS_INFO_STREAM(args) ROS_LOG_STREAM(::ros::console::levels::Info, ROSCONSOLE_DEFAULT_NAME, args)
[01;32m[K                               ^[m[K
[01m[K/home/galliumos/kinetic_final/src/simple/src/averagefilter.cpp:96:21:[m[K [01;36m[Knote: [m[Kin expansion of macro ‘[01m[KROS_INFO_STREAM[m[K’
                     ROS_INFO_STREAM(utils::cellCenter(map.info, path.first[i]));
[01;32m[K                     ^[m[K
In file included from [01m[K/usr/include/c++/5/map:61:0[m[K,
                 from [01m[K/opt/ros/kinetic/include/ros/console.h:42[m[K,
                 from [01m[K/opt/ros/kinetic/include/ros/ros.h:40[m[K,
                 from [01m[K/home/galliumos/kinetic_final/src/simple/src/averagefilter.cpp:1[m[K:
[01m[K/usr/include/c++/5/bits/stl_map.h:96:11:[m[K [01;36m[Knote: [m[K  ‘[01m[Kstd::map[m[K’
     class map
[01;32m[K           ^[m[K
In file included from [01m[K/usr/include/boost/lexical_cast/detail/converter_lexical.hpp:51:0[m[K,
                 from [01m[K/usr/include/boost/lexical_cast/try_lexical_convert.hpp:34[m[K,
                 from [01m[K/usr/include/boost/lexical_cast.hpp:32[m[K,
                 from [01m[K/opt/ros/kinetic/include/ros/transport_hints.h:34[m[K,
                 from [01m[K/opt/ros/kinetic/include/ros/subscribe_options.h:33[m[K,
                 from [01m[K/opt/ros/kinetic/include/ros/node_handle.h:41[m[K,
                 from [01m[K/opt/ros/kinetic/include/ros/ros.h:45[m[K,
                 from [01m[K/home/galliumos/kinetic_final/src/simple/src/averagefilter.cpp:1[m[K:
[01m[K/usr/include/boost/container/container_fwd.hpp:139:7:[m[K [01;36m[Knote: [m[K  ‘[01m[Kboost::container::map[m[K’
 class map;
[01;32m[K       ^[m[K
In file included from [01m[K/usr/include/boost/unordered/unordered_map.hpp:19:0[m[K,
                 from [01m[K/usr/include/boost/unordered_map.hpp:17[m[K,
                 from [01m[K/opt/ros/kinetic/include/tf/tf.h:44[m[K,
                 from [01m[K/home/galliumos/kinetic_final/src/simple/src/MapExplorer.h:8[m[K,
                 from [01m[K/home/galliumos/kinetic_final/src/simple/src/averagefilter.cpp:13[m[K:
[01m[K/usr/include/boost/unordered/detail/unique.hpp:153:12:[m[K [01;36m[Knote: [m[K  ‘[01m[Kboost::unordered::detail::map[m[K’
     struct map
[01;32m[K            ^[m[K
make[2]: *** [CMakeFiles/averagefilter.dir/src/averagefilter.cpp.o] Error 1
make[1]: *** [CMakeFiles/averagefilter.dir/all] Error 2
make: *** [all] Error 2
