[01m[K/home/galliumos/kinetic_final/src/simple/src/averagefilter.cpp:[m[K In function ‘[01m[Kint main(int, char**)[m[K’:
[01m[K/home/galliumos/kinetic_final/src/simple/src/averagefilter.cpp:83:96:[m[K [01;31m[Kerror: [m[Kinvalid initialization of reference of type ‘[01m[Kconst MapMetaData& {aka const nav_msgs::MapMetaData_<std::allocator<void> >&}[m[K’ from expression of type ‘[01m[Knav_msgs::OccupancyGrid {aka nav_msgs::OccupancyGrid_<std::allocator<void> >}[m[K’
             occupancy_grid_utils::Cell fromCell = occupancy_grid_utils::pointCell(map_msg, from);
[01;32m[K                                                                                                ^[m[K
In file included from [01m[K/home/galliumos/kinetic_final/src/occupancy_grid_utils/include/occupancy_grid_utils/shortest_path.h:43:0[m[K,
                 from [01m[K/home/galliumos/kinetic_final/src/simple/src/averagefilter.cpp:8[m[K:
[01m[K/home/galliumos/kinetic_final/src/occupancy_grid_utils/include/occupancy_grid_utils/coordinate_conversions.h:152:6:[m[K [01;36m[Knote: [m[Kin passing argument 1 of ‘[01m[Koccupancy_grid_utils::Cell occupancy_grid_utils::pointCell(const MapMetaData&, const Point&)[m[K’
 Cell pointCell (const nav_msgs::MapMetaData& info, const geometry_msgs::Point& p)
[01;32m[K      ^[m[K
[01m[K/home/galliumos/kinetic_final/src/simple/src/averagefilter.cpp:84:92:[m[K [01;31m[Kerror: [m[Kinvalid initialization of reference of type ‘[01m[Kconst MapMetaData& {aka const nav_msgs::MapMetaData_<std::allocator<void> >&}[m[K’ from expression of type ‘[01m[Knav_msgs::OccupancyGrid {aka nav_msgs::OccupancyGrid_<std::allocator<void> >}[m[K’
             occupancy_grid_utils::Cell toCell = occupancy_grid_utils::pointCell(map_msg, to);
[01;32m[K                                                                                            ^[m[K
In file included from [01m[K/home/galliumos/kinetic_final/src/occupancy_grid_utils/include/occupancy_grid_utils/shortest_path.h:43:0[m[K,
                 from [01m[K/home/galliumos/kinetic_final/src/simple/src/averagefilter.cpp:8[m[K:
[01m[K/home/galliumos/kinetic_final/src/occupancy_grid_utils/include/occupancy_grid_utils/coordinate_conversions.h:152:6:[m[K [01;36m[Knote: [m[Kin passing argument 1 of ‘[01m[Koccupancy_grid_utils::Cell occupancy_grid_utils::pointCell(const MapMetaData&, const Point&)[m[K’
 Cell pointCell (const nav_msgs::MapMetaData& info, const geometry_msgs::Point& p)
[01;32m[K      ^[m[K
[01m[K/home/galliumos/kinetic_final/src/simple/src/averagefilter.cpp:87:56:[m[K [01;31m[Kerror: [m[Kconversion from ‘[01m[Kboost::optional<std::pair<std::vector<occupancy_grid_utils::Cell>, double> >[m[K’ to non-scalar type ‘[01m[Kstd::pair<std::vector<occupancy_grid_utils::Cell>, double>[m[K’ requested
                 occupancy_grid_utils::shortestPathAStar(map_msg, fromCell, toCell);
[01;32m[K                                                        ^[m[K
[01m[K/home/galliumos/kinetic_final/src/simple/src/averagefilter.cpp:[m[K In function ‘[01m[Kvoid map_callback(const OccupancyGrid&)[m[K’:
[01m[K/home/galliumos/kinetic_final/src/simple/src/averagefilter.cpp:132:9:[m[K [01;31m[Kerror: [m[K‘[01m[Kmap_msgs[m[K’ was not declared in this scope
         map_msgs = msg;
[01;32m[K         ^[m[K
make[2]: *** [CMakeFiles/averagefilter.dir/src/averagefilter.cpp.o] Error 1
make[1]: *** [CMakeFiles/averagefilter.dir/all] Error 2
make: *** [all] Error 2
