[01m[K/home/galliumos/kinetic_final/src/simple/src/averagefilter.cpp:[m[K In function ‘[01m[Kint main(int, char**)[m[K’:
[01m[K/home/galliumos/kinetic_final/src/simple/src/averagefilter.cpp:85:13:[m[K [01;31m[Kerror: [m[K‘[01m[Kutils[m[K’ has not been declared
             utils::Cell fromCell = utils::pointCell(map_msg.info, from);
[01;32m[K             ^[m[K
[01m[K/home/galliumos/kinetic_final/src/simple/src/averagefilter.cpp:86:13:[m[K [01;31m[Kerror: [m[K‘[01m[Kutils[m[K’ has not been declared
             utils::Cell toCell = utils::pointCell(map_msg.info, to);
[01;32m[K             ^[m[K
[01m[K/home/galliumos/kinetic_final/src/simple/src/averagefilter.cpp:88:29:[m[K [01;31m[Kerror: [m[K‘[01m[Kutils[m[K’ was not declared in this scope
             boost::optional<utils::AStarResult> AStarResult = 
[01;32m[K                             ^[m[K
[01m[K/home/galliumos/kinetic_final/src/simple/src/averagefilter.cpp:88:47:[m[K [01;31m[Kerror: [m[Ktemplate argument 1 is invalid
             boost::optional<utils::AStarResult> AStarResult = 
[01;32m[K                                               ^[m[K
[01m[K/home/galliumos/kinetic_final/src/simple/src/averagefilter.cpp:89:17:[m[K [01;31m[Kerror: [m[K‘[01m[Kutils[m[K’ is not a class or namespace
                 utils::shortestPathAStar(map_msg, fromCell, toCell);
[01;32m[K                 ^[m[K
[01m[K/home/galliumos/kinetic_final/src/simple/src/averagefilter.cpp:89:51:[m[K [01;31m[Kerror: [m[K‘[01m[KfromCell[m[K’ was not declared in this scope
                 utils::shortestPathAStar(map_msg, fromCell, toCell);
[01;32m[K                                                   ^[m[K
[01m[K/home/galliumos/kinetic_final/src/simple/src/averagefilter.cpp:89:61:[m[K [01;31m[Kerror: [m[K‘[01m[KtoCell[m[K’ was not declared in this scope
                 utils::shortestPathAStar(map_msg, fromCell, toCell);
[01;32m[K                                                             ^[m[K
[01m[K/home/galliumos/kinetic_final/src/simple/src/averagefilter.cpp:[m[K In function ‘[01m[Kvoid map_callback(const OccupancyGrid&)[m[K’:
[01m[K/home/galliumos/kinetic_final/src/simple/src/averagefilter.cpp:134:9:[m[K [01;31m[Kerror: [m[K‘[01m[Kmap_msgs[m[K’ was not declared in this scope
         map_msgs = msg;
[01;32m[K         ^[m[K
make[2]: *** [CMakeFiles/averagefilter.dir/src/averagefilter.cpp.o] Error 1
make[1]: *** [CMakeFiles/averagefilter.dir/all] Error 2
make: *** [all] Error 2
