Determining if the pthread_create exist failed with the following output:
Change Dir: /home/galliumos/kinetic_final/build/husky_msgs/CMakeFiles/CMakeTmp

Run Build Command:"/usr/bin/make" "cmTC_922fa/fast"
/usr/bin/make -f CMakeFiles/cmTC_922fa.dir/build.make CMakeFiles/cmTC_922fa.dir/build
make[1]: Entering directory '/home/galliumos/kinetic_final/build/husky_msgs/CMakeFiles/CMakeTmp'
Building C object CMakeFiles/cmTC_922fa.dir/CheckSymbolExists.c.o
/usr/bin/cc     -o CMakeFiles/cmTC_922fa.dir/CheckSymbolExists.c.o   -c /home/galliumos/kinetic_final/build/husky_msgs/CMakeFiles/CMakeTmp/CheckSymbolExists.c
Linking C executable cmTC_922fa
/usr/bin/cmake -E cmake_link_script CMakeFiles/cmTC_922fa.dir/link.txt --verbose=1
/usr/bin/cc       CMakeFiles/cmTC_922fa.dir/CheckSymbolExists.c.o  -o cmTC_922fa -rdynamic 
CMakeFiles/cmTC_922fa.dir/CheckSymbolExists.c.o: In function `main':
CheckSymbolExists.c:(.text+0x16): undefined reference to `pthread_create'
collect2: error: ld returned 1 exit status
CMakeFiles/cmTC_922fa.dir/build.make:97: recipe for target 'cmTC_922fa' failed
make[1]: *** [cmTC_922fa] Error 1
make[1]: Leaving directory '/home/galliumos/kinetic_final/build/husky_msgs/CMakeFiles/CMakeTmp'
Makefile:126: recipe for target 'cmTC_922fa/fast' failed
make: *** [cmTC_922fa/fast] Error 2

File /home/galliumos/kinetic_final/build/husky_msgs/CMakeFiles/CMakeTmp/CheckSymbolExists.c:
/* */
#include <pthread.h>

int main(int argc, char** argv)
{
  (void)argv;
#ifndef pthread_create
  return ((int*)(&pthread_create))[argc];
#else
  (void)argc;
  return 0;
#endif
}

Determining if the function pthread_create exists in the pthreads failed with the following output:
Change Dir: /home/galliumos/kinetic_final/build/husky_msgs/CMakeFiles/CMakeTmp

Run Build Command:"/usr/bin/make" "cmTC_4ca58/fast"
/usr/bin/make -f CMakeFiles/cmTC_4ca58.dir/build.make CMakeFiles/cmTC_4ca58.dir/build
make[1]: Entering directory '/home/galliumos/kinetic_final/build/husky_msgs/CMakeFiles/CMakeTmp'
Building C object CMakeFiles/cmTC_4ca58.dir/CheckFunctionExists.c.o
/usr/bin/cc    -DCHECK_FUNCTION_EXISTS=pthread_create   -o CMakeFiles/cmTC_4ca58.dir/CheckFunctionExists.c.o   -c /usr/share/cmake-3.5/Modules/CheckFunctionExists.c
Linking C executable cmTC_4ca58
/usr/bin/cmake -E cmake_link_script CMakeFiles/cmTC_4ca58.dir/link.txt --verbose=1
/usr/bin/cc   -DCHECK_FUNCTION_EXISTS=pthread_create    CMakeFiles/cmTC_4ca58.dir/CheckFunctionExists.c.o  -o cmTC_4ca58 -rdynamic -lpthreads 
/usr/bin/ld: cannot find -lpthreads
collect2: error: ld returned 1 exit status
CMakeFiles/cmTC_4ca58.dir/build.make:97: recipe for target 'cmTC_4ca58' failed
make[1]: *** [cmTC_4ca58] Error 1
make[1]: Leaving directory '/home/galliumos/kinetic_final/build/husky_msgs/CMakeFiles/CMakeTmp'
Makefile:126: recipe for target 'cmTC_4ca58/fast' failed
make: *** [cmTC_4ca58/fast] Error 2


